<?xml version="1.0" encoding="UTF-8"?>
<!-- Generated by org.testng.reporters.JUnitReportReporter -->
<testsuite hostname="L2-SCOTT" failures="0" tests="1" name="appiumSetup.BaseWebApp" time="16.888" errors="0" timestamp="2025-10-20T13:30:32 CST" skipped="0">
  <testcase classname="appiumSetup.BaseWebApp" name="AppiumConnect" time="16.888"/>
</testsuite> <!-- appiumSetup.BaseWebApp -->
