<?xml version="1.0" encoding="UTF-8"?>
<!-- Generated by org.testng.reporters.JUnitReportReporter -->
<testsuite hostname="L2-SCOTT" failures="0" tests="1" name="appiumSetup.BaseNativeApp" time="8.023" errors="0" timestamp="2025-10-28T13:11:54 CST" skipped="0">
  <testcase classname="appiumSetup.BaseNativeApp" name="NativeApp" time="8.023"/>
</testsuite> <!-- appiumSetup.BaseNativeApp -->
